<?xml version="1.0" encoding="UTF-8"?>
<!-- Generated by org.testng.reporters.JUnitReportReporter -->
<testsuite skipped="0" hostname="PCT187" name="com.Test.ParameterWithTestNGXML" tests="1" failures="0" timestamp="06 Nov 2017 10:28:26 GMT" time="9.418" errors="0">
  <testcase name="testParameterWithXML" time="9.418" classname="com.Test.ParameterWithTestNGXML"/>
</testsuite> <!-- com.Test.ParameterWithTestNGXML -->
